[2025-03-26 09:54:40] local.ERROR: require(C:\Users\shane\OneDrive\Desktop\ZamFiles\School\codings\SIA_Activity4\ddsbe2\bootstrap/../routes/web.php): Failed to open stream: No such file or directory {"exception":"[object] (ErrorException(code: 0): require(C:\\Users\\shane\\OneDrive\\Desktop\\ZamFiles\\School\\codings\\SIA_Activity4\\ddsbe2\\bootstrap/../routes/web.php): Failed to open stream: No such file or directory at C:\\Users\\shane\\OneDrive\\Desktop\\ZamFiles\\School\\codings\\SIA_Activity4\\ddsbe2\\bootstrap\\app.php:112)
[stacktrace]
#0 C:\\Users\\shane\\OneDrive\\Desktop\\ZamFiles\\School\\codings\\SIA_Activity4\\ddsbe2\\vendor\\laravel\\lumen-framework\\src\\Concerns\\RegistersExceptionHandlers.php(47): Laravel\\Lumen\\Application->handleError(2, 'require(C:\\\\User...', 'C:\\\\Users\\\\shane\\\\...', 112)
#1 C:\\Users\\shane\\OneDrive\\Desktop\\ZamFiles\\School\\codings\\SIA_Activity4\\ddsbe2\\bootstrap\\app.php(112): Laravel\\Lumen\\Application->Laravel\\Lumen\\Concerns\\{closure}(2, 'require(C:\\\\User...', 'C:\\\\Users\\\\shane\\\\...', 112)
#2 C:\\Users\\shane\\OneDrive\\Desktop\\ZamFiles\\School\\codings\\SIA_Activity4\\ddsbe2\\bootstrap\\app.php(112): require('C:\\\\Users\\\\shane\\\\...')
#3 C:\\Users\\shane\\OneDrive\\Desktop\\ZamFiles\\School\\codings\\SIA_Activity4\\ddsbe2\\vendor\\laravel\\lumen-framework\\src\\Routing\\Router.php(62): {closure}(Object(Laravel\\Lumen\\Routing\\Router))
#4 C:\\Users\\shane\\OneDrive\\Desktop\\ZamFiles\\School\\codings\\SIA_Activity4\\ddsbe2\\bootstrap\\app.php(109): Laravel\\Lumen\\Routing\\Router->group(Array, Object(Closure))
#5 C:\\Users\\shane\\OneDrive\\Desktop\\ZamFiles\\School\\codings\\SIA_Activity4\\ddsbe2\\public\\index.php(14): require('C:\\\\Users\\\\shane\\\\...')
#6 {main}
"} 
[2025-03-26 10:00:30] local.ERROR: SQLSTATE[HY000] [2002] No connection could be made because the target machine actively refused it (Connection: mysql, SQL: select * from `tbluser`) {"exception":"[object] (Illuminate\\Database\\QueryException(code: 2002): SQLSTATE[HY000] [2002] No connection could be made because the target machine actively refused it (Connection: mysql, SQL: select * from `tbluser`) at C:\\Users\\shane\\OneDrive\\Desktop\\ZamFiles\\School\\codings\\SIA_Activity4\\ddsbe2\\vendor\\illuminate\\database\\Connection.php:829)
[stacktrace]
#0 C:\\Users\\shane\\OneDrive\\Desktop\\ZamFiles\\School\\codings\\SIA_Activity4\\ddsbe2\\vendor\\illuminate\\database\\Connection.php(983): Illuminate\\Database\\Connection->runQueryCallback('select * from `...', Array, Object(Closure))
#1 C:\\Users\\shane\\OneDrive\\Desktop\\ZamFiles\\School\\codings\\SIA_Activity4\\ddsbe2\\vendor\\illuminate\\database\\Connection.php(962): Illuminate\\Database\\Connection->tryAgainIfCausedByLostConnection(Object(Illuminate\\Database\\QueryException), 'select * from `...', Array, Object(Closure))
#2 C:\\Users\\shane\\OneDrive\\Desktop\\ZamFiles\\School\\codings\\SIA_Activity4\\ddsbe2\\vendor\\illuminate\\database\\Connection.php(785): Illuminate\\Database\\Connection->handleQueryException(Object(Illuminate\\Database\\QueryException), 'select * from `...', Array, Object(Closure))
#3 C:\\Users\\shane\\OneDrive\\Desktop\\ZamFiles\\School\\codings\\SIA_Activity4\\ddsbe2\\vendor\\illuminate\\database\\Connection.php(414): Illuminate\\Database\\Connection->run('select * from `...', Array, Object(Closure))
#4 C:\\Users\\shane\\OneDrive\\Desktop\\ZamFiles\\School\\codings\\SIA_Activity4\\ddsbe2\\vendor\\illuminate\\database\\Query\\Builder.php(2913): Illuminate\\Database\\Connection->select('select * from `...', Array, true)
#5 C:\\Users\\shane\\OneDrive\\Desktop\\ZamFiles\\School\\codings\\SIA_Activity4\\ddsbe2\\vendor\\illuminate\\database\\Query\\Builder.php(2902): Illuminate\\Database\\Query\\Builder->runSelect()
#6 C:\\Users\\shane\\OneDrive\\Desktop\\ZamFiles\\School\\codings\\SIA_Activity4\\ddsbe2\\vendor\\illuminate\\database\\Query\\Builder.php(3456): Illuminate\\Database\\Query\\Builder->Illuminate\\Database\\Query\\{closure}()
#7 C:\\Users\\shane\\OneDrive\\Desktop\\ZamFiles\\School\\codings\\SIA_Activity4\\ddsbe2\\vendor\\illuminate\\database\\Query\\Builder.php(2901): Illuminate\\Database\\Query\\Builder->onceWithColumns(Array, Object(Closure))
#8 C:\\Users\\shane\\OneDrive\\Desktop\\ZamFiles\\School\\codings\\SIA_Activity4\\ddsbe2\\vendor\\illuminate\\database\\Eloquent\\Builder.php(739): Illuminate\\Database\\Query\\Builder->get(Array)
#9 C:\\Users\\shane\\OneDrive\\Desktop\\ZamFiles\\School\\codings\\SIA_Activity4\\ddsbe2\\vendor\\illuminate\\database\\Eloquent\\Builder.php(723): Illuminate\\Database\\Eloquent\\Builder->getModels(Array)
#10 C:\\Users\\shane\\OneDrive\\Desktop\\ZamFiles\\School\\codings\\SIA_Activity4\\ddsbe2\\vendor\\illuminate\\database\\Eloquent\\Model.php(675): Illuminate\\Database\\Eloquent\\Builder->get(Array)
#11 C:\\Users\\shane\\OneDrive\\Desktop\\ZamFiles\\School\\codings\\SIA_Activity4\\ddsbe2\\app\\Http\\Controllers\\UserController.php(29): Illuminate\\Database\\Eloquent\\Model::all()
#12 C:\\Users\\shane\\OneDrive\\Desktop\\ZamFiles\\School\\codings\\SIA_Activity4\\ddsbe2\\vendor\\illuminate\\container\\BoundMethod.php(36): App\\Http\\Controllers\\UserController->index()
#13 C:\\Users\\shane\\OneDrive\\Desktop\\ZamFiles\\School\\codings\\SIA_Activity4\\ddsbe2\\vendor\\illuminate\\container\\Util.php(41): Illuminate\\Container\\BoundMethod::Illuminate\\Container\\{closure}()
#14 C:\\Users\\shane\\OneDrive\\Desktop\\ZamFiles\\School\\codings\\SIA_Activity4\\ddsbe2\\vendor\\illuminate\\container\\BoundMethod.php(93): Illuminate\\Container\\Util::unwrapIfClosure(Object(Closure))
#15 C:\\Users\\shane\\OneDrive\\Desktop\\ZamFiles\\School\\codings\\SIA_Activity4\\ddsbe2\\vendor\\illuminate\\container\\BoundMethod.php(35): Illuminate\\Container\\BoundMethod::callBoundMethod(Object(Laravel\\Lumen\\Application), Array, Object(Closure))
#16 C:\\Users\\shane\\OneDrive\\Desktop\\ZamFiles\\School\\codings\\SIA_Activity4\\ddsbe2\\vendor\\illuminate\\container\\Container.php(662): Illuminate\\Container\\BoundMethod::call(Object(Laravel\\Lumen\\Application), Array, Array, NULL)
#17 C:\\Users\\shane\\OneDrive\\Desktop\\ZamFiles\\School\\codings\\SIA_Activity4\\ddsbe2\\vendor\\laravel\\lumen-framework\\src\\Concerns\\RoutesRequests.php(391): Illuminate\\Container\\Container->call(Array, Array)
#18 C:\\Users\\shane\\OneDrive\\Desktop\\ZamFiles\\School\\codings\\SIA_Activity4\\ddsbe2\\vendor\\laravel\\lumen-framework\\src\\Concerns\\RoutesRequests.php(356): Laravel\\Lumen\\Application->callControllerCallable(Array, Array)
#19 C:\\Users\\shane\\OneDrive\\Desktop\\ZamFiles\\School\\codings\\SIA_Activity4\\ddsbe2\\vendor\\laravel\\lumen-framework\\src\\Concerns\\RoutesRequests.php(331): Laravel\\Lumen\\Application->callLumenController(Object(App\\Http\\Controllers\\UserController), 'index', Array)
#20 C:\\Users\\shane\\OneDrive\\Desktop\\ZamFiles\\School\\codings\\SIA_Activity4\\ddsbe2\\vendor\\laravel\\lumen-framework\\src\\Concerns\\RoutesRequests.php(284): Laravel\\Lumen\\Application->callControllerAction(Array)
#21 C:\\Users\\shane\\OneDrive\\Desktop\\ZamFiles\\School\\codings\\SIA_Activity4\\ddsbe2\\vendor\\laravel\\lumen-framework\\src\\Concerns\\RoutesRequests.php(269): Laravel\\Lumen\\Application->callActionOnArrayBasedRoute(Array)
#22 C:\\Users\\shane\\OneDrive\\Desktop\\ZamFiles\\School\\codings\\SIA_Activity4\\ddsbe2\\vendor\\laravel\\lumen-framework\\src\\Concerns\\RoutesRequests.php(171): Laravel\\Lumen\\Application->handleFoundRoute(Array)
#23 C:\\Users\\shane\\OneDrive\\Desktop\\ZamFiles\\School\\codings\\SIA_Activity4\\ddsbe2\\vendor\\laravel\\lumen-framework\\src\\Concerns\\RoutesRequests.php(431): Laravel\\Lumen\\Application->Laravel\\Lumen\\Concerns\\{closure}(Object(Laravel\\Lumen\\Http\\Request))
#24 C:\\Users\\shane\\OneDrive\\Desktop\\ZamFiles\\School\\codings\\SIA_Activity4\\ddsbe2\\vendor\\laravel\\lumen-framework\\src\\Concerns\\RoutesRequests.php(167): Laravel\\Lumen\\Application->sendThroughPipeline(Array, Object(Closure))
#25 C:\\Users\\shane\\OneDrive\\Desktop\\ZamFiles\\School\\codings\\SIA_Activity4\\ddsbe2\\vendor\\laravel\\lumen-framework\\src\\Concerns\\RoutesRequests.php(112): Laravel\\Lumen\\Application->dispatch(NULL)
#26 C:\\Users\\shane\\OneDrive\\Desktop\\ZamFiles\\School\\codings\\SIA_Activity4\\ddsbe2\\public\\index.php(28): Laravel\\Lumen\\Application->run()
#27 {main}

[previous exception] [object] (PDOException(code: 2002): SQLSTATE[HY000] [2002] No connection could be made because the target machine actively refused it at C:\\Users\\shane\\OneDrive\\Desktop\\ZamFiles\\School\\codings\\SIA_Activity4\\ddsbe2\\vendor\\illuminate\\database\\Connectors\\Connector.php:65)
[stacktrace]
#0 C:\\Users\\shane\\OneDrive\\Desktop\\ZamFiles\\School\\codings\\SIA_Activity4\\ddsbe2\\vendor\\illuminate\\database\\Connectors\\Connector.php(65): PDO->__construct('mysql:host=127....', 'root', Object(SensitiveParameterValue), Array)
#1 C:\\Users\\shane\\OneDrive\\Desktop\\ZamFiles\\School\\codings\\SIA_Activity4\\ddsbe2\\vendor\\illuminate\\database\\Connectors\\Connector.php(83): Illuminate\\Database\\Connectors\\Connector->createPdoConnection('mysql:host=127....', 'root', '', Array)
#2 C:\\Users\\shane\\OneDrive\\Desktop\\ZamFiles\\School\\codings\\SIA_Activity4\\ddsbe2\\vendor\\illuminate\\database\\Connectors\\Connector.php(48): Illuminate\\Database\\Connectors\\Connector->tryAgainIfCausedByLostConnection(Object(PDOException), 'mysql:host=127....', 'root', '', Array)
#3 C:\\Users\\shane\\OneDrive\\Desktop\\ZamFiles\\School\\codings\\SIA_Activity4\\ddsbe2\\vendor\\illuminate\\database\\Connectors\\MySqlConnector.php(24): Illuminate\\Database\\Connectors\\Connector->createConnection('mysql:host=127....', Array, Array)
#4 C:\\Users\\shane\\OneDrive\\Desktop\\ZamFiles\\School\\codings\\SIA_Activity4\\ddsbe2\\vendor\\illuminate\\database\\Connectors\\ConnectionFactory.php(184): Illuminate\\Database\\Connectors\\MySqlConnector->connect(Array)
#5 [internal function]: Illuminate\\Database\\Connectors\\ConnectionFactory->Illuminate\\Database\\Connectors\\{closure}()
#6 C:\\Users\\shane\\OneDrive\\Desktop\\ZamFiles\\School\\codings\\SIA_Activity4\\ddsbe2\\vendor\\illuminate\\database\\Connection.php(1339): call_user_func(Object(Closure))
#7 C:\\Users\\shane\\OneDrive\\Desktop\\ZamFiles\\School\\codings\\SIA_Activity4\\ddsbe2\\vendor\\illuminate\\database\\Connection.php(1375): Illuminate\\Database\\Connection->getPdo()
#8 C:\\Users\\shane\\OneDrive\\Desktop\\ZamFiles\\School\\codings\\SIA_Activity4\\ddsbe2\\vendor\\illuminate\\database\\Connection.php(528): Illuminate\\Database\\Connection->getReadPdo()
#9 C:\\Users\\shane\\OneDrive\\Desktop\\ZamFiles\\School\\codings\\SIA_Activity4\\ddsbe2\\vendor\\illuminate\\database\\Connection.php(423): Illuminate\\Database\\Connection->getPdoForSelect(true)
#10 C:\\Users\\shane\\OneDrive\\Desktop\\ZamFiles\\School\\codings\\SIA_Activity4\\ddsbe2\\vendor\\illuminate\\database\\Connection.php(816): Illuminate\\Database\\Connection->Illuminate\\Database\\{closure}('select * from `...', Array)
#11 C:\\Users\\shane\\OneDrive\\Desktop\\ZamFiles\\School\\codings\\SIA_Activity4\\ddsbe2\\vendor\\illuminate\\database\\Connection.php(983): Illuminate\\Database\\Connection->runQueryCallback('select * from `...', Array, Object(Closure))
#12 C:\\Users\\shane\\OneDrive\\Desktop\\ZamFiles\\School\\codings\\SIA_Activity4\\ddsbe2\\vendor\\illuminate\\database\\Connection.php(962): Illuminate\\Database\\Connection->tryAgainIfCausedByLostConnection(Object(Illuminate\\Database\\QueryException), 'select * from `...', Array, Object(Closure))
#13 C:\\Users\\shane\\OneDrive\\Desktop\\ZamFiles\\School\\codings\\SIA_Activity4\\ddsbe2\\vendor\\illuminate\\database\\Connection.php(785): Illuminate\\Database\\Connection->handleQueryException(Object(Illuminate\\Database\\QueryException), 'select * from `...', Array, Object(Closure))
#14 C:\\Users\\shane\\OneDrive\\Desktop\\ZamFiles\\School\\codings\\SIA_Activity4\\ddsbe2\\vendor\\illuminate\\database\\Connection.php(414): Illuminate\\Database\\Connection->run('select * from `...', Array, Object(Closure))
#15 C:\\Users\\shane\\OneDrive\\Desktop\\ZamFiles\\School\\codings\\SIA_Activity4\\ddsbe2\\vendor\\illuminate\\database\\Query\\Builder.php(2913): Illuminate\\Database\\Connection->select('select * from `...', Array, true)
#16 C:\\Users\\shane\\OneDrive\\Desktop\\ZamFiles\\School\\codings\\SIA_Activity4\\ddsbe2\\vendor\\illuminate\\database\\Query\\Builder.php(2902): Illuminate\\Database\\Query\\Builder->runSelect()
#17 C:\\Users\\shane\\OneDrive\\Desktop\\ZamFiles\\School\\codings\\SIA_Activity4\\ddsbe2\\vendor\\illuminate\\database\\Query\\Builder.php(3456): Illuminate\\Database\\Query\\Builder->Illuminate\\Database\\Query\\{closure}()
#18 C:\\Users\\shane\\OneDrive\\Desktop\\ZamFiles\\School\\codings\\SIA_Activity4\\ddsbe2\\vendor\\illuminate\\database\\Query\\Builder.php(2901): Illuminate\\Database\\Query\\Builder->onceWithColumns(Array, Object(Closure))
#19 C:\\Users\\shane\\OneDrive\\Desktop\\ZamFiles\\School\\codings\\SIA_Activity4\\ddsbe2\\vendor\\illuminate\\database\\Eloquent\\Builder.php(739): Illuminate\\Database\\Query\\Builder->get(Array)
#20 C:\\Users\\shane\\OneDrive\\Desktop\\ZamFiles\\School\\codings\\SIA_Activity4\\ddsbe2\\vendor\\illuminate\\database\\Eloquent\\Builder.php(723): Illuminate\\Database\\Eloquent\\Builder->getModels(Array)
#21 C:\\Users\\shane\\OneDrive\\Desktop\\ZamFiles\\School\\codings\\SIA_Activity4\\ddsbe2\\vendor\\illuminate\\database\\Eloquent\\Model.php(675): Illuminate\\Database\\Eloquent\\Builder->get(Array)
#22 C:\\Users\\shane\\OneDrive\\Desktop\\ZamFiles\\School\\codings\\SIA_Activity4\\ddsbe2\\app\\Http\\Controllers\\UserController.php(29): Illuminate\\Database\\Eloquent\\Model::all()
#23 C:\\Users\\shane\\OneDrive\\Desktop\\ZamFiles\\School\\codings\\SIA_Activity4\\ddsbe2\\vendor\\illuminate\\container\\BoundMethod.php(36): App\\Http\\Controllers\\UserController->index()
#24 C:\\Users\\shane\\OneDrive\\Desktop\\ZamFiles\\School\\codings\\SIA_Activity4\\ddsbe2\\vendor\\illuminate\\container\\Util.php(41): Illuminate\\Container\\BoundMethod::Illuminate\\Container\\{closure}()
#25 C:\\Users\\shane\\OneDrive\\Desktop\\ZamFiles\\School\\codings\\SIA_Activity4\\ddsbe2\\vendor\\illuminate\\container\\BoundMethod.php(93): Illuminate\\Container\\Util::unwrapIfClosure(Object(Closure))
#26 C:\\Users\\shane\\OneDrive\\Desktop\\ZamFiles\\School\\codings\\SIA_Activity4\\ddsbe2\\vendor\\illuminate\\container\\BoundMethod.php(35): Illuminate\\Container\\BoundMethod::callBoundMethod(Object(Laravel\\Lumen\\Application), Array, Object(Closure))
#27 C:\\Users\\shane\\OneDrive\\Desktop\\ZamFiles\\School\\codings\\SIA_Activity4\\ddsbe2\\vendor\\illuminate\\container\\Container.php(662): Illuminate\\Container\\BoundMethod::call(Object(Laravel\\Lumen\\Application), Array, Array, NULL)
#28 C:\\Users\\shane\\OneDrive\\Desktop\\ZamFiles\\School\\codings\\SIA_Activity4\\ddsbe2\\vendor\\laravel\\lumen-framework\\src\\Concerns\\RoutesRequests.php(391): Illuminate\\Container\\Container->call(Array, Array)
#29 C:\\Users\\shane\\OneDrive\\Desktop\\ZamFiles\\School\\codings\\SIA_Activity4\\ddsbe2\\vendor\\laravel\\lumen-framework\\src\\Concerns\\RoutesRequests.php(356): Laravel\\Lumen\\Application->callControllerCallable(Array, Array)
#30 C:\\Users\\shane\\OneDrive\\Desktop\\ZamFiles\\School\\codings\\SIA_Activity4\\ddsbe2\\vendor\\laravel\\lumen-framework\\src\\Concerns\\RoutesRequests.php(331): Laravel\\Lumen\\Application->callLumenController(Object(App\\Http\\Controllers\\UserController), 'index', Array)
#31 C:\\Users\\shane\\OneDrive\\Desktop\\ZamFiles\\School\\codings\\SIA_Activity4\\ddsbe2\\vendor\\laravel\\lumen-framework\\src\\Concerns\\RoutesRequests.php(284): Laravel\\Lumen\\Application->callControllerAction(Array)
#32 C:\\Users\\shane\\OneDrive\\Desktop\\ZamFiles\\School\\codings\\SIA_Activity4\\ddsbe2\\vendor\\laravel\\lumen-framework\\src\\Concerns\\RoutesRequests.php(269): Laravel\\Lumen\\Application->callActionOnArrayBasedRoute(Array)
#33 C:\\Users\\shane\\OneDrive\\Desktop\\ZamFiles\\School\\codings\\SIA_Activity4\\ddsbe2\\vendor\\laravel\\lumen-framework\\src\\Concerns\\RoutesRequests.php(171): Laravel\\Lumen\\Application->handleFoundRoute(Array)
#34 C:\\Users\\shane\\OneDrive\\Desktop\\ZamFiles\\School\\codings\\SIA_Activity4\\ddsbe2\\vendor\\laravel\\lumen-framework\\src\\Concerns\\RoutesRequests.php(431): Laravel\\Lumen\\Application->Laravel\\Lumen\\Concerns\\{closure}(Object(Laravel\\Lumen\\Http\\Request))
#35 C:\\Users\\shane\\OneDrive\\Desktop\\ZamFiles\\School\\codings\\SIA_Activity4\\ddsbe2\\vendor\\laravel\\lumen-framework\\src\\Concerns\\RoutesRequests.php(167): Laravel\\Lumen\\Application->sendThroughPipeline(Array, Object(Closure))
#36 C:\\Users\\shane\\OneDrive\\Desktop\\ZamFiles\\School\\codings\\SIA_Activity4\\ddsbe2\\vendor\\laravel\\lumen-framework\\src\\Concerns\\RoutesRequests.php(112): Laravel\\Lumen\\Application->dispatch(NULL)
#37 C:\\Users\\shane\\OneDrive\\Desktop\\ZamFiles\\School\\codings\\SIA_Activity4\\ddsbe2\\public\\index.php(28): Laravel\\Lumen\\Application->run()
#38 {main}
"} 
